This file contains any messages produced by compilers while
running configure, to aid debugging if configure makes a mistake.

It was created by OpenBGPD configure 8.8, which was
generated by GNU Autoconf 2.72.  Invocation command line was

  $ ./configure CPPFLAGS=-I/usr/local/include LDFLAGS=-L/usr/local/lib

## --------- ##
## Platform. ##
## --------- ##

hostname = freebsd
uname -m = amd64
uname -r = 14.3-RELEASE
uname -s = FreeBSD
uname -v = FreeBSD 14.3-RELEASE releng/14.3-n271432-8c9ce319fef7 GENERIC

/usr/bin/uname -p = amd64
/bin/uname -X     = unknown

/bin/arch              = unknown
/usr/bin/arch -k       = unknown
/usr/convex/getsysinfo = unknown
/usr/bin/hostinfo      = unknown
/bin/machine           = unknown
/usr/bin/oslevel       = unknown
/bin/universe          = unknown

PATH: /sbin/
PATH: /bin/
PATH: /usr/sbin/
PATH: /usr/bin/
PATH: /usr/local/sbin/
PATH: /usr/local/bin/
PATH: /root/bin/
PATH: /usr/local/afl++-llvm/bin/


## ----------- ##
## Core tests. ##
## ----------- ##

configure:2607: looking for aux files: ltmain.sh compile missing install-sh config.guess config.sub
configure:2620:  trying ./
configure:2649:   ./ltmain.sh found
configure:2649:   ./compile found
configure:2649:   ./missing found
configure:2631:   ./install-sh found
configure:2649:   ./config.guess found
configure:2649:   ./config.sub found
configure:2769: checking build system type
configure:2785: result: x86_64-unknown-freebsd14.3
configure:2805: checking host system type
configure:2820: result: x86_64-unknown-freebsd14.3
configure:2857: checking for a BSD-compatible install
configure:2931: result: /usr/bin/install -c
configure:2942: checking whether sleep supports fractional seconds
configure:2958: result: yes
configure:2961: checking filesystem timestamp resolution
configure:3096: result: 2
configure:3101: checking whether build environment is sane
configure:3142: result: yes
configure:3313: checking for a race-free mkdir -p
configure:3356: result: mkdir -p
configure:3363: checking for gawk
configure:3399: result: no
configure:3363: checking for mawk
configure:3399: result: no
configure:3363: checking for nawk
configure:3384: found /usr/bin/nawk
configure:3396: result: nawk
configure:3407: checking whether make sets $(MAKE)
configure:3431: result: yes
configure:3457: checking whether make supports nested variables
configure:3476: result: yes
configure:3490: checking xargs -n works
configure:3506: result: yes
configure:3676: checking for cc
configure:3697: found /usr/bin/cc
configure:3709: result: cc
configure:3740: checking for C compiler version
configure:3749: cc --version >&5
FreeBSD clang version 19.1.7 (https://github.com/llvm/llvm-project.git llvmorg-19.1.7-0-gcd708029e0b2)
Target: x86_64-unknown-freebsd14.3
Thread model: posix
InstalledDir: /usr/bin
configure:3760: $? = 0
configure:3749: cc -v >&5
FreeBSD clang version 19.1.7 (https://github.com/llvm/llvm-project.git llvmorg-19.1.7-0-gcd708029e0b2)
Target: x86_64-unknown-freebsd14.3
Thread model: posix
InstalledDir: /usr/bin
configure:3760: $? = 0
configure:3749: cc -V >&5
cc: error: argument to '-V' is missing (expected 1 value)
cc: error: no input files
configure:3760: $? = 1
configure:3749: cc -qversion >&5
cc: error: unknown argument '-qversion'; did you mean '--version'?
cc: error: no input files
configure:3760: $? = 1
configure:3749: cc -version >&5
cc: error: unknown argument '-version'; did you mean '--version'?
cc: error: no input files
configure:3760: $? = 1
configure:3780: checking whether the C compiler works
configure:3802: cc  -I/usr/local/include -L/usr/local/lib conftest.c  >&5
configure:3806: $? = 0
configure:3857: result: yes
configure:3861: checking for C compiler default output file name
configure:3863: result: a.out
configure:3869: checking for suffix of executables
configure:3876: cc -o conftest  -I/usr/local/include -L/usr/local/lib conftest.c  >&5
configure:3880: $? = 0
configure:3904: result: 
configure:3928: checking whether we are cross compiling
configure:3936: cc -o conftest  -I/usr/local/include -L/usr/local/lib conftest.c  >&5
configure:3940: $? = 0
configure:3947: ./conftest
configure:3951: $? = 0
configure:3966: result: no
configure:3972: checking for suffix of object files
configure:3995: cc -c  -I/usr/local/include conftest.c >&5
configure:3999: $? = 0
configure:4023: result: o
configure:4027: checking whether the compiler supports GNU C
configure:4047: cc -c  -I/usr/local/include conftest.c >&5
configure:4047: $? = 0
configure:4059: result: yes
configure:4070: checking whether cc accepts -g
configure:4091: cc -c -g -I/usr/local/include conftest.c >&5
configure:4091: $? = 0
configure:4138: result: yes
configure:4158: checking for cc option to enable C11 features
configure:4173: cc  -c -g -O2 -I/usr/local/include conftest.c >&5
configure:4173: $? = 0
configure:4192: result: none needed
configure:4316: checking whether cc understands -c and -o together
configure:4339: cc -c conftest.c -o conftest2.o
configure:4342: $? = 0
configure:4339: cc -c conftest.c -o conftest2.o
configure:4342: $? = 0
configure:4355: result: yes
configure:4375: checking whether make supports the include directive
configure:4390: make -f confmf.GNU && cat confinc.out
this is the am__doit target
configure:4393: $? = 0
configure:4412: result: yes (GNU style)
configure:4438: checking dependency style of cc
configure:4551: result: gcc3
configure:4830: cc -c -g -O2 -I/usr/local/include conftest.c >&5
configure:4830: $? = 0
configure:4943: checking for a sed that does not truncate output
configure:5015: result: /usr/bin/sed
configure:5074: checking for gcc
configure:5107: result: cc
configure:5466: checking for C compiler version
configure:5475: cc --version >&5
FreeBSD clang version 19.1.7 (https://github.com/llvm/llvm-project.git llvmorg-19.1.7-0-gcd708029e0b2)
Target: x86_64-unknown-freebsd14.3
Thread model: posix
InstalledDir: /usr/bin
configure:5486: $? = 0
configure:5475: cc -v >&5
FreeBSD clang version 19.1.7 (https://github.com/llvm/llvm-project.git llvmorg-19.1.7-0-gcd708029e0b2)
Target: x86_64-unknown-freebsd14.3
Thread model: posix
InstalledDir: /usr/bin
configure:5486: $? = 0
configure:5475: cc -V >&5
cc: error: argument to '-V' is missing (expected 1 value)
cc: error: no input files
configure:5486: $? = 1
configure:5475: cc -qversion >&5
cc: error: unknown argument '-qversion'; did you mean '--version'?
cc: error: no input files
configure:5486: $? = 1
configure:5475: cc -version >&5
cc: error: unknown argument '-version'; did you mean '--version'?
cc: error: no input files
configure:5486: $? = 1
configure:5490: checking whether the compiler supports GNU C
configure:5522: result: yes
configure:5533: checking whether cc accepts -g
configure:5601: result: yes
configure:5621: checking for cc option to enable C11 features
configure:5655: result: none needed
configure:5779: checking whether cc understands -c and -o together
configure:5818: result: yes
configure:5837: checking dependency style of cc
configure:5950: result: gcc3
configure:6013: checking how to print strings
configure:6040: result: printf
configure:6061: checking for a sed that does not truncate output
configure:6133: result: /usr/bin/sed
configure:6151: checking for grep that handles long lines and -e
configure:6217: result: /usr/bin/grep
configure:6222: checking for egrep
configure:6292: result: /usr/bin/grep -E
configure:6299: checking for fgrep
configure:6369: result: /usr/bin/grep -F
configure:6406: checking for ld used by cc
configure:6475: result: /usr/bin/ld
configure:6482: checking if the linker (/usr/bin/ld) is GNU ld
configure:6499: result: yes
configure:6511: checking for BSD- or MS-compatible name lister (nm)
configure:6567: result: /usr/bin/nm
configure:6709: checking the name lister (/usr/bin/nm) interface
configure:6717: cc -c -g -O2 -I/usr/local/include conftest.c >&5
configure:6720: /usr/bin/nm "conftest.o"
configure:6723: output
0000000000000000 B some_variable
configure:6731: result: BSD nm
configure:6734: checking whether ln -s works
configure:6738: result: yes
configure:6746: checking the maximum length of command line arguments
configure:6879: result: 393216
configure:6927: checking how to convert x86_64-unknown-freebsd14.3 file names to x86_64-unknown-freebsd14.3 format
configure:6969: result: func_convert_file_noop
configure:6976: checking how to convert x86_64-unknown-freebsd14.3 file names to toolchain format
configure:6998: result: func_convert_file_noop
configure:7005: checking for /usr/bin/ld option to reload object files
configure:7014: result: -r
configure:7047: checking for file
configure:7068: found /usr/bin/file
configure:7081: result: file
configure:7144: checking for objdump
configure:7165: found /usr/bin/objdump
configure:7177: result: objdump
configure:7209: checking how to recognize dependent libraries
configure:7418: result: pass_all
configure:7509: checking for dlltool
configure:7545: result: no
configure:7575: checking how to associate runtime and link libraries
configure:7604: result: printf %s\n
configure:7664: checking for ranlib
configure:7685: found /usr/bin/ranlib
configure:7697: result: ranlib
configure:7774: checking for ar
configure:7795: found /usr/bin/ar
configure:7807: result: ar
configure:7860: checking for archiver @FILE support
configure:7878: cc -c -g -O2 -I/usr/local/include conftest.c >&5
configure:7878: $? = 0
configure:7882: ar cr libconftest.a @conftest.lst >&5
ar: warning: can't open file: @conftest.lst: No such file or directory
configure:7885: $? = 1
configure:7906: result: no
configure:7970: checking for strip
configure:7991: found /usr/bin/strip
configure:8003: result: strip
configure:8106: checking command to parse /usr/bin/nm output from cc object
configure:8260: cc -c -g -O2 -I/usr/local/include conftest.c >&5
configure:8263: $? = 0
configure:8267: /usr/bin/nm conftest.o | /usr/bin/sed -n -e 's/^.*[	 ]\([BCDEGRST][BCDEGRST]*\)[	 ][	 ]*\([_A-Za-z][_A-Za-z0-9]*\)$/\1 \2 \2/p' | /usr/bin/sed '/ __gnu_lto/d' > conftest.nm
configure:8333: cc -o conftest -g -O2 -I/usr/local/include -L/usr/local/lib conftest.c conftstm.o >&5
configure:8336: $? = 0
configure:8375: result: ok
configure:8422: checking for sysroot
configure:8456: result: no
configure:8463: checking for a working dd
configure:8508: result: /bin/dd
configure:8512: checking how to truncate binary pipes
configure:8529: result: /bin/dd bs=4096 count=1
configure:8869: checking for mt
configure:8890: found /usr/bin/mt
configure:8902: result: mt
configure:8925: checking if mt is a manifest tool
configure:8932: mt '-?'
mt: illegal option -- ?
usage: mt [-f device] command [count]
configure:8941: result: no
configure:9734: checking for dlfcn.h
configure:9734: cc -c -g -O2 -I/usr/local/include conftest.c >&5
configure:9734: $? = 0
configure:9734: result: yes
configure:10037: checking for objdir
configure:10054: result: .libs
configure:10320: checking if cc supports -fno-rtti -fno-exceptions
configure:10339: cc -c -g -O2 -I/usr/local/include -fno-rtti -fno-exceptions conftest.c >&5
configure:10343: $? = 0
configure:10357: result: yes
configure:10730: checking for cc option to produce PIC
configure:10739: result: -fPIC -DPIC
configure:10747: checking if cc PIC flag -fPIC -DPIC works
configure:10766: cc -c -g -O2 -I/usr/local/include -fPIC -DPIC -DPIC conftest.c >&5
configure:10770: $? = 0
configure:10784: result: yes
configure:10813: checking if cc static flag -static works
configure:10843: result: yes
configure:10858: checking if cc supports -c -o file.o
configure:10880: cc -c -g -O2 -I/usr/local/include -o out/conftest2.o conftest.c >&5
configure:10884: $? = 0
configure:10907: result: yes
configure:10915: checking if cc supports -c -o file.o
configure:10964: result: yes
configure:10997: checking whether the cc linker (/usr/bin/ld) supports shared libraries
configure:12281: result: yes
configure:12318: checking whether -lc should be explicitly linked in
configure:12327: cc -c -g -O2 -I/usr/local/include conftest.c >&5
configure:12330: $? = 0
configure:12345: cc -shared  -fPIC -DPIC conftest.o  -v -Wl,-soname -Wl,conftest -o conftest 2\>\&1 \| /usr/bin/grep  -lc  \>/dev/null 2\>\&1
configure:12348: $? = 0
configure:12363: result: no
configure:12523: checking dynamic linker characteristics
configure:13907: result: freebsd14.3 ld.so
configure:14029: checking how to hardcode library paths into programs
configure:14054: result: immediate
configure:14654: checking whether stripping libraries is possible
configure:14678: result: yes
configure:14705: checking if libtool supports shared libraries
configure:14707: result: yes
configure:14710: checking whether to build shared libraries
configure:14735: result: yes
configure:14738: checking whether to build static libraries
configure:14742: result: yes
configure:14783: checking for bison
configure:14819: result: no
configure:14783: checking for byacc
configure:14804: found /usr/bin/byacc
configure:14816: result: byacc
configure:14873: checking whether CC supports -Wno-pointer-sign
configure:14886: cc -c -Wno-pointer-sign -I/usr/local/include conftest.c >&5
configure:14886: $? = 0
configure:14888: result: yes
configure:14902: checking if compiling with clang
configure:14919: cc -c -g -O2 -I/usr/local/include conftest.c >&5
configure:14919: $? = 0
configure:14921: result: yes
configure:14935: checking for endian.h
configure:14935: cc -c -g -O2 -I/usr/local/include conftest.c >&5
configure:14935: $? = 0
configure:14935: result: yes
configure:14942: checking for netinet/ip_ipsp.h
configure:14942: cc -c -g -O2 -I/usr/local/include conftest.c >&5
conftest.c:16:10: fatal error: 'netinet/ip_ipsp.h' file not found
   16 | #include <netinet/ip_ipsp.h>
      |          ^~~~~~~~~~~~~~~~~~~
1 error generated.
configure:14942: $? = 1
configure: failed program was:
| /* confdefs.h */
| #define PACKAGE_NAME "OpenBGPD"
| #define PACKAGE_TARNAME "openbgpd"
| #define PACKAGE_VERSION "8.8"
| #define PACKAGE_STRING "OpenBGPD 8.8"
| #define PACKAGE_BUGREPORT ""
| #define PACKAGE_URL ""
| #define PACKAGE "openbgpd"
| #define VERSION "8.8"
| #define HAVE_DLFCN_H 1
| #define LT_OBJDIR ".libs/"
| #define HAVE_ENDIAN_H 1
| /* end confdefs.h.  */
| #include <sys/socket.h>
| 
| #include <netinet/ip_ipsp.h>
configure:14942: result: no
configure:14950: checking for linux/in6.h
configure:14950: cc -c -g -O2 -I/usr/local/include conftest.c >&5
conftest.c:42:10: fatal error: 'linux/in6.h' file not found
   42 | #include <linux/in6.h>
      |          ^~~~~~~~~~~~~
1 error generated.
configure:14950: $? = 1
configure: failed program was:
| /* confdefs.h */
| #define PACKAGE_NAME "OpenBGPD"
| #define PACKAGE_TARNAME "openbgpd"
| #define PACKAGE_VERSION "8.8"
| #define PACKAGE_STRING "OpenBGPD 8.8"
| #define PACKAGE_BUGREPORT ""
| #define PACKAGE_URL ""
| #define PACKAGE "openbgpd"
| #define VERSION "8.8"
| #define HAVE_DLFCN_H 1
| #define LT_OBJDIR ".libs/"
| #define HAVE_ENDIAN_H 1
| /* end confdefs.h.  */
| #include <stddef.h>
| #ifdef HAVE_STDIO_H
| # include <stdio.h>
| #endif
| #ifdef HAVE_STDLIB_H
| # include <stdlib.h>
| #endif
| #ifdef HAVE_STRING_H
| # include <string.h>
| #endif
| #ifdef HAVE_INTTYPES_H
| # include <inttypes.h>
| #endif
| #ifdef HAVE_STDINT_H
| # include <stdint.h>
| #endif
| #ifdef HAVE_STRINGS_H
| # include <strings.h>
| #endif
| #ifdef HAVE_SYS_TYPES_H
| # include <sys/types.h>
| #endif
| #ifdef HAVE_SYS_STAT_H
| # include <sys/stat.h>
| #endif
| #ifdef HAVE_UNISTD_H
| # include <unistd.h>
| #endif
| #include <linux/in6.h>
configure:14950: result: no
configure:14957: checking for linux/if.h
configure:14957: cc -c -g -O2 -I/usr/local/include conftest.c >&5
conftest.c:42:10: fatal error: 'linux/if.h' file not found
   42 | #include <linux/if.h>
      |          ^~~~~~~~~~~~
1 error generated.
configure:14957: $? = 1
configure: failed program was:
| /* confdefs.h */
| #define PACKAGE_NAME "OpenBGPD"
| #define PACKAGE_TARNAME "openbgpd"
| #define PACKAGE_VERSION "8.8"
| #define PACKAGE_STRING "OpenBGPD 8.8"
| #define PACKAGE_BUGREPORT ""
| #define PACKAGE_URL ""
| #define PACKAGE "openbgpd"
| #define VERSION "8.8"
| #define HAVE_DLFCN_H 1
| #define LT_OBJDIR ".libs/"
| #define HAVE_ENDIAN_H 1
| /* end confdefs.h.  */
| #include <stddef.h>
| #ifdef HAVE_STDIO_H
| # include <stdio.h>
| #endif
| #ifdef HAVE_STDLIB_H
| # include <stdlib.h>
| #endif
| #ifdef HAVE_STRING_H
| # include <string.h>
| #endif
| #ifdef HAVE_INTTYPES_H
| # include <inttypes.h>
| #endif
| #ifdef HAVE_STDINT_H
| # include <stdint.h>
| #endif
| #ifdef HAVE_STRINGS_H
| # include <strings.h>
| #endif
| #ifdef HAVE_SYS_TYPES_H
| # include <sys/types.h>
| #endif
| #ifdef HAVE_SYS_STAT_H
| # include <sys/stat.h>
| #endif
| #ifdef HAVE_UNISTD_H
| # include <unistd.h>
| #endif
| #include <linux/if.h>
configure:14957: result: no
configure:14966: checking for asprintf
configure:14966: cc -o conftest -g -O2 -I/usr/local/include -L/usr/local/lib conftest.c  >&5
conftest.c:41:18: warning: format string missing [-Wformat]
   41 | return asprintf ();
      |        ~~~~~~~~  ^
1 warning generated.
configure:14966: $? = 0
configure:14966: result: yes
configure:14972: checking for explicit_bzero
configure:14972: cc -o conftest -g -O2 -I/usr/local/include -L/usr/local/lib conftest.c  >&5
configure:14972: $? = 0
configure:14972: result: yes
configure:14979: checking for reallocarray
configure:14979: cc -o conftest -g -O2 -I/usr/local/include -L/usr/local/lib conftest.c  >&5
configure:14979: $? = 0
configure:14979: result: yes
configure:14985: checking for recallocarray
configure:14985: cc -o conftest -g -O2 -I/usr/local/include -L/usr/local/lib conftest.c  >&5
ld: error: undefined symbol: recallocarray
>>> referenced by conftest.c:44
>>>               /tmp/conftest-51dda7.o:(main)
>>> did you mean: reallocarray
>>> defined in: /lib/libc.so.7
cc: error: linker command failed with exit code 1 (use -v to see invocation)
configure:14985: $? = 1
configure: failed program was:
| /* confdefs.h */
| #define PACKAGE_NAME "OpenBGPD"
| #define PACKAGE_TARNAME "openbgpd"
| #define PACKAGE_VERSION "8.8"
| #define PACKAGE_STRING "OpenBGPD 8.8"
| #define PACKAGE_BUGREPORT ""
| #define PACKAGE_URL ""
| #define PACKAGE "openbgpd"
| #define VERSION "8.8"
| #define HAVE_DLFCN_H 1
| #define LT_OBJDIR ".libs/"
| #define HAVE_ENDIAN_H 1
| #define HAVE_ASPRINTF 1
| #define HAVE_EXPLICIT_BZERO 1
| #define HAVE_REALLOCARRAY 1
| /* end confdefs.h.  */
| /* Define recallocarray to an innocuous variant, in case <limits.h> declares recallocarray.
|    For example, HP-UX 11i <limits.h> declares gettimeofday.  */
| #define recallocarray innocuous_recallocarray
| 
| /* System header to define __stub macros and hopefully few prototypes,
|    which can conflict with char recallocarray (void); below.  */
| 
| #include <limits.h>
| #undef recallocarray
| 
| /* Override any GCC internal prototype to avoid an error.
|    Use char because int might match the return type of a GCC
|    builtin and then its argument prototype would still apply.  */
| #ifdef __cplusplus
| extern "C"
| #endif
| char recallocarray (void);
| /* The GNU C library defines this for functions which it implements
|     to always fail with ENOSYS.  Some functions are actually named
|     something starting with __ and the normal name is an alias.  */
| #if defined __stub_recallocarray || defined __stub___recallocarray
| choke me
| #endif
| 
| int
| main (void)
| {
| return recallocarray ();
|   ;
|   return 0;
| }
configure:14985: result: no
configure:14991: checking for freezero
configure:14991: cc -o conftest -g -O2 -I/usr/local/include -L/usr/local/lib conftest.c  >&5
ld: error: undefined symbol: freezero
>>> referenced by conftest.c:44
>>>               /tmp/conftest-1e10c1.o:(main)
cc: error: linker command failed with exit code 1 (use -v to see invocation)
configure:14991: $? = 1
configure: failed program was:
| /* confdefs.h */
| #define PACKAGE_NAME "OpenBGPD"
| #define PACKAGE_TARNAME "openbgpd"
| #define PACKAGE_VERSION "8.8"
| #define PACKAGE_STRING "OpenBGPD 8.8"
| #define PACKAGE_BUGREPORT ""
| #define PACKAGE_URL ""
| #define PACKAGE "openbgpd"
| #define VERSION "8.8"
| #define HAVE_DLFCN_H 1
| #define LT_OBJDIR ".libs/"
| #define HAVE_ENDIAN_H 1
| #define HAVE_ASPRINTF 1
| #define HAVE_EXPLICIT_BZERO 1
| #define HAVE_REALLOCARRAY 1
| /* end confdefs.h.  */
| /* Define freezero to an innocuous variant, in case <limits.h> declares freezero.
|    For example, HP-UX 11i <limits.h> declares gettimeofday.  */
| #define freezero innocuous_freezero
| 
| /* System header to define __stub macros and hopefully few prototypes,
|    which can conflict with char freezero (void); below.  */
| 
| #include <limits.h>
| #undef freezero
| 
| /* Override any GCC internal prototype to avoid an error.
|    Use char because int might match the return type of a GCC
|    builtin and then its argument prototype would still apply.  */
| #ifdef __cplusplus
| extern "C"
| #endif
| char freezero (void);
| /* The GNU C library defines this for functions which it implements
|     to always fail with ENOSYS.  Some functions are actually named
|     something starting with __ and the normal name is an alias.  */
| #if defined __stub_freezero || defined __stub___freezero
| choke me
| #endif
| 
| int
| main (void)
| {
| return freezero ();
|   ;
|   return 0;
| }
configure:14991: result: no
configure:14998: checking for setproctitle
configure:14998: cc -o conftest -g -O2 -I/usr/local/include -L/usr/local/lib conftest.c  >&5
configure:14998: $? = 0
configure:14998: result: yes
configure:15004: checking for setgroups
configure:15004: cc -o conftest -g -O2 -I/usr/local/include -L/usr/local/lib conftest.c  >&5
configure:15004: $? = 0
configure:15004: result: yes
configure:15011: checking for setregid
configure:15011: cc -o conftest -g -O2 -I/usr/local/include -L/usr/local/lib conftest.c  >&5
configure:15011: $? = 0
configure:15011: result: yes
configure:15017: checking for setresgid
configure:15017: cc -o conftest -g -O2 -I/usr/local/include -L/usr/local/lib conftest.c  >&5
configure:15017: $? = 0
configure:15017: result: yes
configure:15023: checking for setreuid
configure:15023: cc -o conftest -g -O2 -I/usr/local/include -L/usr/local/lib conftest.c  >&5
configure:15023: $? = 0
configure:15023: result: yes
configure:15029: checking for setresuid
configure:15029: cc -o conftest -g -O2 -I/usr/local/include -L/usr/local/lib conftest.c  >&5
configure:15029: $? = 0
configure:15029: result: yes
configure:15036: checking for strlcat
configure:15036: cc -o conftest -g -O2 -I/usr/local/include -L/usr/local/lib conftest.c  >&5
conftest.c:39:6: warning: incompatible redeclaration of library function 'strlcat' [-Wincompatible-library-redeclaration]
   39 | char strlcat (void);
      |      ^
conftest.c:39:6: note: 'strlcat' is a builtin with type 'unsigned long (char *, const char *, unsigned long)'
1 warning generated.
configure:15036: $? = 0
configure:15036: result: yes
configure:15042: checking for strlcpy
configure:15042: cc -o conftest -g -O2 -I/usr/local/include -L/usr/local/lib conftest.c  >&5
conftest.c:40:6: warning: incompatible redeclaration of library function 'strlcpy' [-Wincompatible-library-redeclaration]
   40 | char strlcpy (void);
      |      ^
conftest.c:40:6: note: 'strlcpy' is a builtin with type 'unsigned long (char *, const char *, unsigned long)'
1 warning generated.
configure:15042: $? = 0
configure:15042: result: yes
configure:15048: checking for strtonum
configure:15048: cc -o conftest -g -O2 -I/usr/local/include -L/usr/local/lib conftest.c  >&5
configure:15048: $? = 0
configure:15048: result: yes
configure:15054: checking for sysconf
configure:15054: cc -o conftest -g -O2 -I/usr/local/include -L/usr/local/lib conftest.c  >&5
configure:15054: $? = 0
configure:15054: result: yes
configure:15061: checking for pledge
configure:15061: cc -o conftest -g -O2 -I/usr/local/include -L/usr/local/lib conftest.c  >&5
ld: error: undefined symbol: pledge
>>> referenced by conftest.c:54
>>>               /tmp/conftest-646ff7.o:(main)
cc: error: linker command failed with exit code 1 (use -v to see invocation)
configure:15061: $? = 1
configure: failed program was:
| /* confdefs.h */
| #define PACKAGE_NAME "OpenBGPD"
| #define PACKAGE_TARNAME "openbgpd"
| #define PACKAGE_VERSION "8.8"
| #define PACKAGE_STRING "OpenBGPD 8.8"
| #define PACKAGE_BUGREPORT ""
| #define PACKAGE_URL ""
| #define PACKAGE "openbgpd"
| #define VERSION "8.8"
| #define HAVE_DLFCN_H 1
| #define LT_OBJDIR ".libs/"
| #define HAVE_ENDIAN_H 1
| #define HAVE_ASPRINTF 1
| #define HAVE_EXPLICIT_BZERO 1
| #define HAVE_REALLOCARRAY 1
| #define HAVE_SETPROCTITLE 1
| #define HAVE_SETGROUPS 1
| #define HAVE_SETREGID 1
| #define HAVE_SETRESGID 1
| #define HAVE_SETREUID 1
| #define HAVE_SETRESUID 1
| #define HAVE_STRLCAT 1
| #define HAVE_STRLCPY 1
| #define HAVE_STRTONUM 1
| #define HAVE_SYSCONF 1
| /* end confdefs.h.  */
| /* Define pledge to an innocuous variant, in case <limits.h> declares pledge.
|    For example, HP-UX 11i <limits.h> declares gettimeofday.  */
| #define pledge innocuous_pledge
| 
| /* System header to define __stub macros and hopefully few prototypes,
|    which can conflict with char pledge (void); below.  */
| 
| #include <limits.h>
| #undef pledge
| 
| /* Override any GCC internal prototype to avoid an error.
|    Use char because int might match the return type of a GCC
|    builtin and then its argument prototype would still apply.  */
| #ifdef __cplusplus
| extern "C"
| #endif
| char pledge (void);
| /* The GNU C library defines this for functions which it implements
|     to always fail with ENOSYS.  Some functions are actually named
|     something starting with __ and the normal name is an alias.  */
| #if defined __stub_pledge || defined __stub___pledge
| choke me
| #endif
| 
| int
| main (void)
| {
| return pledge ();
|   ;
|   return 0;
| }
configure:15061: result: no
configure:15067: checking for unveil
configure:15067: cc -o conftest -g -O2 -I/usr/local/include -L/usr/local/lib conftest.c  >&5
ld: error: undefined symbol: unveil
>>> referenced by conftest.c:54
>>>               /tmp/conftest-49c9da.o:(main)
cc: error: linker command failed with exit code 1 (use -v to see invocation)
configure:15067: $? = 1
configure: failed program was:
| /* confdefs.h */
| #define PACKAGE_NAME "OpenBGPD"
| #define PACKAGE_TARNAME "openbgpd"
| #define PACKAGE_VERSION "8.8"
| #define PACKAGE_STRING "OpenBGPD 8.8"
| #define PACKAGE_BUGREPORT ""
| #define PACKAGE_URL ""
| #define PACKAGE "openbgpd"
| #define VERSION "8.8"
| #define HAVE_DLFCN_H 1
| #define LT_OBJDIR ".libs/"
| #define HAVE_ENDIAN_H 1
| #define HAVE_ASPRINTF 1
| #define HAVE_EXPLICIT_BZERO 1
| #define HAVE_REALLOCARRAY 1
| #define HAVE_SETPROCTITLE 1
| #define HAVE_SETGROUPS 1
| #define HAVE_SETREGID 1
| #define HAVE_SETRESGID 1
| #define HAVE_SETREUID 1
| #define HAVE_SETRESUID 1
| #define HAVE_STRLCAT 1
| #define HAVE_STRLCPY 1
| #define HAVE_STRTONUM 1
| #define HAVE_SYSCONF 1
| /* end confdefs.h.  */
| /* Define unveil to an innocuous variant, in case <limits.h> declares unveil.
|    For example, HP-UX 11i <limits.h> declares gettimeofday.  */
| #define unveil innocuous_unveil
| 
| /* System header to define __stub macros and hopefully few prototypes,
|    which can conflict with char unveil (void); below.  */
| 
| #include <limits.h>
| #undef unveil
| 
| /* Override any GCC internal prototype to avoid an error.
|    Use char because int might match the return type of a GCC
|    builtin and then its argument prototype would still apply.  */
| #ifdef __cplusplus
| extern "C"
| #endif
| char unveil (void);
| /* The GNU C library defines this for functions which it implements
|     to always fail with ENOSYS.  Some functions are actually named
|     something starting with __ and the normal name is an alias.  */
| #if defined __stub_unveil || defined __stub___unveil
| choke me
| #endif
| 
| int
| main (void)
| {
| return unveil ();
|   ;
|   return 0;
| }
configure:15067: result: no
configure:15074: checking for getdtablecount
configure:15074: cc -o conftest -g -O2 -I/usr/local/include -L/usr/local/lib conftest.c  >&5
ld: error: undefined symbol: getdtablecount
>>> referenced by conftest.c:54
>>>               /tmp/conftest-58b8bd.o:(main)
cc: error: linker command failed with exit code 1 (use -v to see invocation)
configure:15074: $? = 1
configure: failed program was:
| /* confdefs.h */
| #define PACKAGE_NAME "OpenBGPD"
| #define PACKAGE_TARNAME "openbgpd"
| #define PACKAGE_VERSION "8.8"
| #define PACKAGE_STRING "OpenBGPD 8.8"
| #define PACKAGE_BUGREPORT ""
| #define PACKAGE_URL ""
| #define PACKAGE "openbgpd"
| #define VERSION "8.8"
| #define HAVE_DLFCN_H 1
| #define LT_OBJDIR ".libs/"
| #define HAVE_ENDIAN_H 1
| #define HAVE_ASPRINTF 1
| #define HAVE_EXPLICIT_BZERO 1
| #define HAVE_REALLOCARRAY 1
| #define HAVE_SETPROCTITLE 1
| #define HAVE_SETGROUPS 1
| #define HAVE_SETREGID 1
| #define HAVE_SETRESGID 1
| #define HAVE_SETREUID 1
| #define HAVE_SETRESUID 1
| #define HAVE_STRLCAT 1
| #define HAVE_STRLCPY 1
| #define HAVE_STRTONUM 1
| #define HAVE_SYSCONF 1
| /* end confdefs.h.  */
| /* Define getdtablecount to an innocuous variant, in case <limits.h> declares getdtablecount.
|    For example, HP-UX 11i <limits.h> declares gettimeofday.  */
| #define getdtablecount innocuous_getdtablecount
| 
| /* System header to define __stub macros and hopefully few prototypes,
|    which can conflict with char getdtablecount (void); below.  */
| 
| #include <limits.h>
| #undef getdtablecount
| 
| /* Override any GCC internal prototype to avoid an error.
|    Use char because int might match the return type of a GCC
|    builtin and then its argument prototype would still apply.  */
| #ifdef __cplusplus
| extern "C"
| #endif
| char getdtablecount (void);
| /* The GNU C library defines this for functions which it implements
|     to always fail with ENOSYS.  Some functions are actually named
|     something starting with __ and the normal name is an alias.  */
| #if defined __stub_getdtablecount || defined __stub___getdtablecount
| choke me
| #endif
| 
| int
| main (void)
| {
| return getdtablecount ();
|   ;
|   return 0;
| }
configure:15074: result: no
configure:15080: checking for getrtable
configure:15080: cc -o conftest -g -O2 -I/usr/local/include -L/usr/local/lib conftest.c  >&5
ld: error: undefined symbol: getrtable
>>> referenced by conftest.c:54
>>>               /tmp/conftest-8b3bb6.o:(main)
cc: error: linker command failed with exit code 1 (use -v to see invocation)
configure:15080: $? = 1
configure: failed program was:
| /* confdefs.h */
| #define PACKAGE_NAME "OpenBGPD"
| #define PACKAGE_TARNAME "openbgpd"
| #define PACKAGE_VERSION "8.8"
| #define PACKAGE_STRING "OpenBGPD 8.8"
| #define PACKAGE_BUGREPORT ""
| #define PACKAGE_URL ""
| #define PACKAGE "openbgpd"
| #define VERSION "8.8"
| #define HAVE_DLFCN_H 1
| #define LT_OBJDIR ".libs/"
| #define HAVE_ENDIAN_H 1
| #define HAVE_ASPRINTF 1
| #define HAVE_EXPLICIT_BZERO 1
| #define HAVE_REALLOCARRAY 1
| #define HAVE_SETPROCTITLE 1
| #define HAVE_SETGROUPS 1
| #define HAVE_SETREGID 1
| #define HAVE_SETRESGID 1
| #define HAVE_SETREUID 1
| #define HAVE_SETRESUID 1
| #define HAVE_STRLCAT 1
| #define HAVE_STRLCPY 1
| #define HAVE_STRTONUM 1
| #define HAVE_SYSCONF 1
| /* end confdefs.h.  */
| /* Define getrtable to an innocuous variant, in case <limits.h> declares getrtable.
|    For example, HP-UX 11i <limits.h> declares gettimeofday.  */
| #define getrtable innocuous_getrtable
| 
| /* System header to define __stub macros and hopefully few prototypes,
|    which can conflict with char getrtable (void); below.  */
| 
| #include <limits.h>
| #undef getrtable
| 
| /* Override any GCC internal prototype to avoid an error.
|    Use char because int might match the return type of a GCC
|    builtin and then its argument prototype would still apply.  */
| #ifdef __cplusplus
| extern "C"
| #endif
| char getrtable (void);
| /* The GNU C library defines this for functions which it implements
|     to always fail with ENOSYS.  Some functions are actually named
|     something starting with __ and the normal name is an alias.  */
| #if defined __stub_getrtable || defined __stub___getrtable
| choke me
| #endif
| 
| int
| main (void)
| {
| return getrtable ();
|   ;
|   return 0;
| }
configure:15080: result: no
configure:15087: checking for strnvis
configure:15087: cc -o conftest -g -O2 -I/usr/local/include -L/usr/local/lib conftest.c  >&5
configure:15087: $? = 0
configure:15087: result: yes
configure:15094: checking for arc4random
configure:15094: cc -o conftest -g -O2 -I/usr/local/include -L/usr/local/lib conftest.c  >&5
configure:15094: $? = 0
configure:15094: result: yes
configure:15102: checking for getentropy
configure:15157: cc -o conftest -g -O2 -I/usr/local/include -L/usr/local/lib conftest.c  >&5
configure:15157: $? = 0
configure:15170: result: yes
configure:15174: checking for library containing clock_gettime
configure:15210: cc -o conftest -g -O2 -I/usr/local/include -L/usr/local/lib conftest.c  >&5
configure:15210: $? = 0
configure:15232: result: none required
configure:15241: checking for library containing inet_net_pton
configure:15277: cc -o conftest -g -O2 -I/usr/local/include -L/usr/local/lib conftest.c  >&5
configure:15277: $? = 0
configure:15299: result: none required
configure:15308: checking for clock_gettime
configure:15308: cc -o conftest -g -O2 -I/usr/local/include -L/usr/local/lib conftest.c  >&5
configure:15308: $? = 0
configure:15308: result: yes
configure:15314: checking for inet_net_pton
configure:15314: cc -o conftest -g -O2 -I/usr/local/include -L/usr/local/lib conftest.c  >&5
configure:15314: $? = 0
configure:15314: result: yes
configure:15323: checking for library containing ibuf_open
configure:15359: cc -o conftest -g -O2 -I/usr/local/include -L/usr/local/lib conftest.c  >&5
ld: error: undefined symbol: ibuf_open
>>> referenced by conftest.c:45
>>>               /tmp/conftest-3f3b8a.o:(main)
cc: error: linker command failed with exit code 1 (use -v to see invocation)
configure:15359: $? = 1
configure: failed program was:
| /* confdefs.h */
| #define PACKAGE_NAME "OpenBGPD"
| #define PACKAGE_TARNAME "openbgpd"
| #define PACKAGE_VERSION "8.8"
| #define PACKAGE_STRING "OpenBGPD 8.8"
| #define PACKAGE_BUGREPORT ""
| #define PACKAGE_URL ""
| #define PACKAGE "openbgpd"
| #define VERSION "8.8"
| #define HAVE_DLFCN_H 1
| #define LT_OBJDIR ".libs/"
| #define HAVE_ENDIAN_H 1
| #define HAVE_ASPRINTF 1
| #define HAVE_EXPLICIT_BZERO 1
| #define HAVE_REALLOCARRAY 1
| #define HAVE_SETPROCTITLE 1
| #define HAVE_SETGROUPS 1
| #define HAVE_SETREGID 1
| #define HAVE_SETRESGID 1
| #define HAVE_SETREUID 1
| #define HAVE_SETRESUID 1
| #define HAVE_STRLCAT 1
| #define HAVE_STRLCPY 1
| #define HAVE_STRTONUM 1
| #define HAVE_SYSCONF 1
| #define HAVE_STRNVIS 1
| #define HAVE_ARC4RANDOM 1
| #define HAVE_CLOCK_GETTIME 1
| #define HAVE_INET_NET_PTON 1
| /* end confdefs.h.  */
| 
| /* Override any GCC internal prototype to avoid an error.
|    Use char because int might match the return type of a GCC
|    builtin and then its argument prototype would still apply.
|    The 'extern "C"' is for builds by C++ compilers;
|    although this is not generally supported in C code supporting it here
|    has little cost and some practical benefit (sr 110532).  */
| #ifdef __cplusplus
| extern "C"
| #endif
| char ibuf_open (void);
| int
| main (void)
| {
| return ibuf_open ();
|   ;
|   return 0;
| }
configure:15359: cc -o conftest -g -O2 -I/usr/local/include -L/usr/local/lib conftest.c -lutil   >&5
ld: error: undefined symbol: ibuf_open
>>> referenced by conftest.c:45
>>>               /tmp/conftest-2a15b6.o:(main)
cc: error: linker command failed with exit code 1 (use -v to see invocation)
configure:15359: $? = 1
configure: failed program was:
| /* confdefs.h */
| #define PACKAGE_NAME "OpenBGPD"
| #define PACKAGE_TARNAME "openbgpd"
| #define PACKAGE_VERSION "8.8"
| #define PACKAGE_STRING "OpenBGPD 8.8"
| #define PACKAGE_BUGREPORT ""
| #define PACKAGE_URL ""
| #define PACKAGE "openbgpd"
| #define VERSION "8.8"
| #define HAVE_DLFCN_H 1
| #define LT_OBJDIR ".libs/"
| #define HAVE_ENDIAN_H 1
| #define HAVE_ASPRINTF 1
| #define HAVE_EXPLICIT_BZERO 1
| #define HAVE_REALLOCARRAY 1
| #define HAVE_SETPROCTITLE 1
| #define HAVE_SETGROUPS 1
| #define HAVE_SETREGID 1
| #define HAVE_SETRESGID 1
| #define HAVE_SETREUID 1
| #define HAVE_SETRESUID 1
| #define HAVE_STRLCAT 1
| #define HAVE_STRLCPY 1
| #define HAVE_STRTONUM 1
| #define HAVE_SYSCONF 1
| #define HAVE_STRNVIS 1
| #define HAVE_ARC4RANDOM 1
| #define HAVE_CLOCK_GETTIME 1
| #define HAVE_INET_NET_PTON 1
| /* end confdefs.h.  */
| 
| /* Override any GCC internal prototype to avoid an error.
|    Use char because int might match the return type of a GCC
|    builtin and then its argument prototype would still apply.
|    The 'extern "C"' is for builds by C++ compilers;
|    although this is not generally supported in C code supporting it here
|    has little cost and some practical benefit (sr 110532).  */
| #ifdef __cplusplus
| extern "C"
| #endif
| char ibuf_open (void);
| int
| main (void)
| {
| return ibuf_open ();
|   ;
|   return 0;
| }
configure:15381: result: no
configure:15390: checking for library containing fmt_scaled
configure:15426: cc -o conftest -g -O2 -I/usr/local/include -L/usr/local/lib conftest.c  >&5
ld: error: undefined symbol: fmt_scaled
>>> referenced by conftest.c:45
>>>               /tmp/conftest-ad9604.o:(main)
cc: error: linker command failed with exit code 1 (use -v to see invocation)
configure:15426: $? = 1
configure: failed program was:
| /* confdefs.h */
| #define PACKAGE_NAME "OpenBGPD"
| #define PACKAGE_TARNAME "openbgpd"
| #define PACKAGE_VERSION "8.8"
| #define PACKAGE_STRING "OpenBGPD 8.8"
| #define PACKAGE_BUGREPORT ""
| #define PACKAGE_URL ""
| #define PACKAGE "openbgpd"
| #define VERSION "8.8"
| #define HAVE_DLFCN_H 1
| #define LT_OBJDIR ".libs/"
| #define HAVE_ENDIAN_H 1
| #define HAVE_ASPRINTF 1
| #define HAVE_EXPLICIT_BZERO 1
| #define HAVE_REALLOCARRAY 1
| #define HAVE_SETPROCTITLE 1
| #define HAVE_SETGROUPS 1
| #define HAVE_SETREGID 1
| #define HAVE_SETRESGID 1
| #define HAVE_SETREUID 1
| #define HAVE_SETRESUID 1
| #define HAVE_STRLCAT 1
| #define HAVE_STRLCPY 1
| #define HAVE_STRTONUM 1
| #define HAVE_SYSCONF 1
| #define HAVE_STRNVIS 1
| #define HAVE_ARC4RANDOM 1
| #define HAVE_CLOCK_GETTIME 1
| #define HAVE_INET_NET_PTON 1
| /* end confdefs.h.  */
| 
| /* Override any GCC internal prototype to avoid an error.
|    Use char because int might match the return type of a GCC
|    builtin and then its argument prototype would still apply.
|    The 'extern "C"' is for builds by C++ compilers;
|    although this is not generally supported in C code supporting it here
|    has little cost and some practical benefit (sr 110532).  */
| #ifdef __cplusplus
| extern "C"
| #endif
| char fmt_scaled (void);
| int
| main (void)
| {
| return fmt_scaled ();
|   ;
|   return 0;
| }
configure:15426: cc -o conftest -g -O2 -I/usr/local/include -L/usr/local/lib conftest.c -lutil   >&5
ld: error: undefined symbol: fmt_scaled
>>> referenced by conftest.c:45
>>>               /tmp/conftest-4f005c.o:(main)
cc: error: linker command failed with exit code 1 (use -v to see invocation)
configure:15426: $? = 1
configure: failed program was:
| /* confdefs.h */
| #define PACKAGE_NAME "OpenBGPD"
| #define PACKAGE_TARNAME "openbgpd"
| #define PACKAGE_VERSION "8.8"
| #define PACKAGE_STRING "OpenBGPD 8.8"
| #define PACKAGE_BUGREPORT ""
| #define PACKAGE_URL ""
| #define PACKAGE "openbgpd"
| #define VERSION "8.8"
| #define HAVE_DLFCN_H 1
| #define LT_OBJDIR ".libs/"
| #define HAVE_ENDIAN_H 1
| #define HAVE_ASPRINTF 1
| #define HAVE_EXPLICIT_BZERO 1
| #define HAVE_REALLOCARRAY 1
| #define HAVE_SETPROCTITLE 1
| #define HAVE_SETGROUPS 1
| #define HAVE_SETREGID 1
| #define HAVE_SETRESGID 1
| #define HAVE_SETREUID 1
| #define HAVE_SETRESUID 1
| #define HAVE_STRLCAT 1
| #define HAVE_STRLCPY 1
| #define HAVE_STRTONUM 1
| #define HAVE_SYSCONF 1
| #define HAVE_STRNVIS 1
| #define HAVE_ARC4RANDOM 1
| #define HAVE_CLOCK_GETTIME 1
| #define HAVE_INET_NET_PTON 1
| /* end confdefs.h.  */
| 
| /* Override any GCC internal prototype to avoid an error.
|    Use char because int might match the return type of a GCC
|    builtin and then its argument prototype would still apply.
|    The 'extern "C"' is for builds by C++ compilers;
|    although this is not generally supported in C code supporting it here
|    has little cost and some practical benefit (sr 110532).  */
| #ifdef __cplusplus
| extern "C"
| #endif
| char fmt_scaled (void);
| int
| main (void)
| {
| return fmt_scaled ();
|   ;
|   return 0;
| }
configure:15448: result: no
configure:15457: checking for ibuf_open
configure:15457: cc -o conftest -g -O2 -I/usr/local/include -L/usr/local/lib conftest.c  >&5
ld: error: undefined symbol: ibuf_open
>>> referenced by conftest.c:58
>>>               /tmp/conftest-79e475.o:(main)
cc: error: linker command failed with exit code 1 (use -v to see invocation)
configure:15457: $? = 1
configure: failed program was:
| /* confdefs.h */
| #define PACKAGE_NAME "OpenBGPD"
| #define PACKAGE_TARNAME "openbgpd"
| #define PACKAGE_VERSION "8.8"
| #define PACKAGE_STRING "OpenBGPD 8.8"
| #define PACKAGE_BUGREPORT ""
| #define PACKAGE_URL ""
| #define PACKAGE "openbgpd"
| #define VERSION "8.8"
| #define HAVE_DLFCN_H 1
| #define LT_OBJDIR ".libs/"
| #define HAVE_ENDIAN_H 1
| #define HAVE_ASPRINTF 1
| #define HAVE_EXPLICIT_BZERO 1
| #define HAVE_REALLOCARRAY 1
| #define HAVE_SETPROCTITLE 1
| #define HAVE_SETGROUPS 1
| #define HAVE_SETREGID 1
| #define HAVE_SETRESGID 1
| #define HAVE_SETREUID 1
| #define HAVE_SETRESUID 1
| #define HAVE_STRLCAT 1
| #define HAVE_STRLCPY 1
| #define HAVE_STRTONUM 1
| #define HAVE_SYSCONF 1
| #define HAVE_STRNVIS 1
| #define HAVE_ARC4RANDOM 1
| #define HAVE_CLOCK_GETTIME 1
| #define HAVE_INET_NET_PTON 1
| /* end confdefs.h.  */
| /* Define ibuf_open to an innocuous variant, in case <limits.h> declares ibuf_open.
|    For example, HP-UX 11i <limits.h> declares gettimeofday.  */
| #define ibuf_open innocuous_ibuf_open
| 
| /* System header to define __stub macros and hopefully few prototypes,
|    which can conflict with char ibuf_open (void); below.  */
| 
| #include <limits.h>
| #undef ibuf_open
| 
| /* Override any GCC internal prototype to avoid an error.
|    Use char because int might match the return type of a GCC
|    builtin and then its argument prototype would still apply.  */
| #ifdef __cplusplus
| extern "C"
| #endif
| char ibuf_open (void);
| /* The GNU C library defines this for functions which it implements
|     to always fail with ENOSYS.  Some functions are actually named
|     something starting with __ and the normal name is an alias.  */
| #if defined __stub_ibuf_open || defined __stub___ibuf_open
| choke me
| #endif
| 
| int
| main (void)
| {
| return ibuf_open ();
|   ;
|   return 0;
| }
configure:15457: result: no
configure:15463: checking for imsgbuf_init
configure:15463: cc -o conftest -g -O2 -I/usr/local/include -L/usr/local/lib conftest.c  >&5
ld: error: undefined symbol: imsgbuf_init
>>> referenced by conftest.c:58
>>>               /tmp/conftest-8e55ed.o:(main)
cc: error: linker command failed with exit code 1 (use -v to see invocation)
configure:15463: $? = 1
configure: failed program was:
| /* confdefs.h */
| #define PACKAGE_NAME "OpenBGPD"
| #define PACKAGE_TARNAME "openbgpd"
| #define PACKAGE_VERSION "8.8"
| #define PACKAGE_STRING "OpenBGPD 8.8"
| #define PACKAGE_BUGREPORT ""
| #define PACKAGE_URL ""
| #define PACKAGE "openbgpd"
| #define VERSION "8.8"
| #define HAVE_DLFCN_H 1
| #define LT_OBJDIR ".libs/"
| #define HAVE_ENDIAN_H 1
| #define HAVE_ASPRINTF 1
| #define HAVE_EXPLICIT_BZERO 1
| #define HAVE_REALLOCARRAY 1
| #define HAVE_SETPROCTITLE 1
| #define HAVE_SETGROUPS 1
| #define HAVE_SETREGID 1
| #define HAVE_SETRESGID 1
| #define HAVE_SETREUID 1
| #define HAVE_SETRESUID 1
| #define HAVE_STRLCAT 1
| #define HAVE_STRLCPY 1
| #define HAVE_STRTONUM 1
| #define HAVE_SYSCONF 1
| #define HAVE_STRNVIS 1
| #define HAVE_ARC4RANDOM 1
| #define HAVE_CLOCK_GETTIME 1
| #define HAVE_INET_NET_PTON 1
| /* end confdefs.h.  */
| /* Define imsgbuf_init to an innocuous variant, in case <limits.h> declares imsgbuf_init.
|    For example, HP-UX 11i <limits.h> declares gettimeofday.  */
| #define imsgbuf_init innocuous_imsgbuf_init
| 
| /* System header to define __stub macros and hopefully few prototypes,
|    which can conflict with char imsgbuf_init (void); below.  */
| 
| #include <limits.h>
| #undef imsgbuf_init
| 
| /* Override any GCC internal prototype to avoid an error.
|    Use char because int might match the return type of a GCC
|    builtin and then its argument prototype would still apply.  */
| #ifdef __cplusplus
| extern "C"
| #endif
| char imsgbuf_init (void);
| /* The GNU C library defines this for functions which it implements
|     to always fail with ENOSYS.  Some functions are actually named
|     something starting with __ and the normal name is an alias.  */
| #if defined __stub_imsgbuf_init || defined __stub___imsgbuf_init
| choke me
| #endif
| 
| int
| main (void)
| {
| return imsgbuf_init ();
|   ;
|   return 0;
| }
configure:15463: result: no
configure:15469: checking for fmt_scaled
configure:15469: cc -o conftest -g -O2 -I/usr/local/include -L/usr/local/lib conftest.c  >&5
ld: error: undefined symbol: fmt_scaled
>>> referenced by conftest.c:58
>>>               /tmp/conftest-60e5d8.o:(main)
cc: error: linker command failed with exit code 1 (use -v to see invocation)
configure:15469: $? = 1
configure: failed program was:
| /* confdefs.h */
| #define PACKAGE_NAME "OpenBGPD"
| #define PACKAGE_TARNAME "openbgpd"
| #define PACKAGE_VERSION "8.8"
| #define PACKAGE_STRING "OpenBGPD 8.8"
| #define PACKAGE_BUGREPORT ""
| #define PACKAGE_URL ""
| #define PACKAGE "openbgpd"
| #define VERSION "8.8"
| #define HAVE_DLFCN_H 1
| #define LT_OBJDIR ".libs/"
| #define HAVE_ENDIAN_H 1
| #define HAVE_ASPRINTF 1
| #define HAVE_EXPLICIT_BZERO 1
| #define HAVE_REALLOCARRAY 1
| #define HAVE_SETPROCTITLE 1
| #define HAVE_SETGROUPS 1
| #define HAVE_SETREGID 1
| #define HAVE_SETRESGID 1
| #define HAVE_SETREUID 1
| #define HAVE_SETRESUID 1
| #define HAVE_STRLCAT 1
| #define HAVE_STRLCPY 1
| #define HAVE_STRTONUM 1
| #define HAVE_SYSCONF 1
| #define HAVE_STRNVIS 1
| #define HAVE_ARC4RANDOM 1
| #define HAVE_CLOCK_GETTIME 1
| #define HAVE_INET_NET_PTON 1
| /* end confdefs.h.  */
| /* Define fmt_scaled to an innocuous variant, in case <limits.h> declares fmt_scaled.
|    For example, HP-UX 11i <limits.h> declares gettimeofday.  */
| #define fmt_scaled innocuous_fmt_scaled
| 
| /* System header to define __stub macros and hopefully few prototypes,
|    which can conflict with char fmt_scaled (void); below.  */
| 
| #include <limits.h>
| #undef fmt_scaled
| 
| /* Override any GCC internal prototype to avoid an error.
|    Use char because int might match the return type of a GCC
|    builtin and then its argument prototype would still apply.  */
| #ifdef __cplusplus
| extern "C"
| #endif
| char fmt_scaled (void);
| /* The GNU C library defines this for functions which it implements
|     to always fail with ENOSYS.  Some functions are actually named
|     something starting with __ and the normal name is an alias.  */
| #if defined __stub_fmt_scaled || defined __stub___fmt_scaled
| choke me
| #endif
| 
| int
| main (void)
| {
| return fmt_scaled ();
|   ;
|   return 0;
| }
configure:15469: result: no
configure:15478: checking for HOST_NAME_MAX
configure:15496: cc -c -g -O2 -I/usr/local/include conftest.c >&5
conftest.c:39:12: error: use of undeclared identifier 'HOST_NAME_MAX'
   39 |   char buf[HOST_NAME_MAX + 1];
      |            ^
1 error generated.
configure:15496: $? = 1
configure: failed program was:
| /* confdefs.h */
| #define PACKAGE_NAME "OpenBGPD"
| #define PACKAGE_TARNAME "openbgpd"
| #define PACKAGE_VERSION "8.8"
| #define PACKAGE_STRING "OpenBGPD 8.8"
| #define PACKAGE_BUGREPORT ""
| #define PACKAGE_URL ""
| #define PACKAGE "openbgpd"
| #define VERSION "8.8"
| #define HAVE_DLFCN_H 1
| #define LT_OBJDIR ".libs/"
| #define HAVE_ENDIAN_H 1
| #define HAVE_ASPRINTF 1
| #define HAVE_EXPLICIT_BZERO 1
| #define HAVE_REALLOCARRAY 1
| #define HAVE_SETPROCTITLE 1
| #define HAVE_SETGROUPS 1
| #define HAVE_SETREGID 1
| #define HAVE_SETRESGID 1
| #define HAVE_SETREUID 1
| #define HAVE_SETRESUID 1
| #define HAVE_STRLCAT 1
| #define HAVE_STRLCPY 1
| #define HAVE_STRTONUM 1
| #define HAVE_SYSCONF 1
| #define HAVE_STRNVIS 1
| #define HAVE_ARC4RANDOM 1
| #define HAVE_CLOCK_GETTIME 1
| #define HAVE_INET_NET_PTON 1
| /* end confdefs.h.  */
| 
| #include <limits.h>
| #include <unistd.h>
| 
| int
| main (void)
| {
| 
|   char buf[HOST_NAME_MAX + 1];
| 
|   ;
|   return 0;
| }
configure:15503: result: no
configure:15513: checking for net/pfvar.h
configure:15513: cc -c -g -O2 -I/usr/local/include conftest.c >&5
configure:15513: $? = 0
configure:15513: result: yes
configure:15522: checking for working pftable
configure:15546: cc -c -g -O2 -I/usr/local/include conftest.c >&5
configure:15546: $? = 0
configure:15548: result: yes
configure:15563: checking for working strnvis
configure:15597: cc -o conftest -g -O2 -I/usr/local/include -L/usr/local/lib conftest.c  >&5
conftest.c:47:19: error: incompatible pointer to integer conversion passing 'char[4]' to parameter of type 'size_t' (aka 'unsigned long') [-Wint-conversion]
   47 |  if (strnvis(dst, "src", 4, 0) && strcmp(dst, "src") == 0)
      |                   ^~~~~
/usr/include/vis.h:96:27: note: passing argument to parameter here
   96 | int     strnvis(char *, size_t, const char *, int);
      |                               ^
conftest.c:47:26: error: incompatible integer to pointer conversion passing 'int' to parameter of type 'const char *' [-Wint-conversion]
   47 |  if (strnvis(dst, "src", 4, 0) && strcmp(dst, "src") == 0)
      |                          ^
/usr/include/vis.h:96:41: note: passing argument to parameter here
   96 | int     strnvis(char *, size_t, const char *, int);
      |                                             ^
2 errors generated.
configure:15597: $? = 1
configure: program exited with status 1
configure: failed program was:
| /* confdefs.h */
| #define PACKAGE_NAME "OpenBGPD"
| #define PACKAGE_TARNAME "openbgpd"
| #define PACKAGE_VERSION "8.8"
| #define PACKAGE_STRING "OpenBGPD 8.8"
| #define PACKAGE_BUGREPORT ""
| #define PACKAGE_URL ""
| #define PACKAGE "openbgpd"
| #define VERSION "8.8"
| #define HAVE_DLFCN_H 1
| #define LT_OBJDIR ".libs/"
| #define HAVE_ENDIAN_H 1
| #define HAVE_ASPRINTF 1
| #define HAVE_EXPLICIT_BZERO 1
| #define HAVE_REALLOCARRAY 1
| #define HAVE_SETPROCTITLE 1
| #define HAVE_SETGROUPS 1
| #define HAVE_SETREGID 1
| #define HAVE_SETRESGID 1
| #define HAVE_SETREUID 1
| #define HAVE_SETRESUID 1
| #define HAVE_STRLCAT 1
| #define HAVE_STRLCPY 1
| #define HAVE_STRTONUM 1
| #define HAVE_SYSCONF 1
| #define HAVE_STRNVIS 1
| #define HAVE_ARC4RANDOM 1
| #define HAVE_CLOCK_GETTIME 1
| #define HAVE_INET_NET_PTON 1
| #define HAVE_NET_PFVAR_H 1
| /* end confdefs.h.  */
| 
| #include <signal.h>
| #include <stdlib.h>
| #include <string.h>
| #include <unistd.h>
| #include <vis.h>
| static void sighandler(int sig) { _exit(1); }
| 
| int
| main (void)
| {
| 
|  char dst[16];
| 
|  signal(SIGSEGV, sighandler);
|  if (strnvis(dst, "src", 4, 0) && strcmp(dst, "src") == 0)
|   exit(0);
|  exit(1)
| 
|   ;
|   return 0;
| }
configure:15602: result: no
configure:15616: checking for mnl_socket_recvfrom in -lmnl
configure:15645: cc -o conftest -g -O2 -I/usr/local/include -L/usr/local/lib conftest.c -lmnl   >&5
ld: error: unable to find library -lmnl
cc: error: linker command failed with exit code 1 (use -v to see invocation)
configure:15645: $? = 1
configure: failed program was:
| /* confdefs.h */
| #define PACKAGE_NAME "OpenBGPD"
| #define PACKAGE_TARNAME "openbgpd"
| #define PACKAGE_VERSION "8.8"
| #define PACKAGE_STRING "OpenBGPD 8.8"
| #define PACKAGE_BUGREPORT ""
| #define PACKAGE_URL ""
| #define PACKAGE "openbgpd"
| #define VERSION "8.8"
| #define HAVE_DLFCN_H 1
| #define LT_OBJDIR ".libs/"
| #define HAVE_ENDIAN_H 1
| #define HAVE_ASPRINTF 1
| #define HAVE_EXPLICIT_BZERO 1
| #define HAVE_REALLOCARRAY 1
| #define HAVE_SETPROCTITLE 1
| #define HAVE_SETGROUPS 1
| #define HAVE_SETREGID 1
| #define HAVE_SETRESGID 1
| #define HAVE_SETREUID 1
| #define HAVE_SETRESUID 1
| #define HAVE_STRLCAT 1
| #define HAVE_STRLCPY 1
| #define HAVE_STRTONUM 1
| #define HAVE_SYSCONF 1
| #define HAVE_STRNVIS 1
| #define HAVE_ARC4RANDOM 1
| #define HAVE_CLOCK_GETTIME 1
| #define HAVE_INET_NET_PTON 1
| #define HAVE_NET_PFVAR_H 1
| /* end confdefs.h.  */
| 
| /* Override any GCC internal prototype to avoid an error.
|    Use char because int might match the return type of a GCC
|    builtin and then its argument prototype would still apply.
|    The 'extern "C"' is for builds by C++ compilers;
|    although this is not generally supported in C code supporting it here
|    has little cost and some practical benefit (sr 110532).  */
| #ifdef __cplusplus
| extern "C"
| #endif
| char mnl_socket_recvfrom (void);
| int
| main (void)
| {
| return mnl_socket_recvfrom ();
|   ;
|   return 0;
| }
configure:15657: result: no
configure:15946: checking for struct tcp_md5sig.tcpm_key
configure:15946: cc -c -g -O2 -I/usr/local/include conftest.c >&5
conftest.c:40:26: error: variable has incomplete type 'struct tcp_md5sig'
   40 | static struct tcp_md5sig ac_aggr;
      |                          ^
conftest.c:40:15: note: forward declaration of 'struct tcp_md5sig'
   40 | static struct tcp_md5sig ac_aggr;
      |               ^
1 error generated.
configure:15946: $? = 1
configure: failed program was:
| /* confdefs.h */
| #define PACKAGE_NAME "OpenBGPD"
| #define PACKAGE_TARNAME "openbgpd"
| #define PACKAGE_VERSION "8.8"
| #define PACKAGE_STRING "OpenBGPD 8.8"
| #define PACKAGE_BUGREPORT ""
| #define PACKAGE_URL ""
| #define PACKAGE "openbgpd"
| #define VERSION "8.8"
| #define HAVE_DLFCN_H 1
| #define LT_OBJDIR ".libs/"
| #define HAVE_ENDIAN_H 1
| #define HAVE_ASPRINTF 1
| #define HAVE_EXPLICIT_BZERO 1
| #define HAVE_REALLOCARRAY 1
| #define HAVE_SETPROCTITLE 1
| #define HAVE_SETGROUPS 1
| #define HAVE_SETREGID 1
| #define HAVE_SETRESGID 1
| #define HAVE_SETREUID 1
| #define HAVE_SETRESUID 1
| #define HAVE_STRLCAT 1
| #define HAVE_STRLCPY 1
| #define HAVE_STRTONUM 1
| #define HAVE_SYSCONF 1
| #define HAVE_STRNVIS 1
| #define HAVE_ARC4RANDOM 1
| #define HAVE_CLOCK_GETTIME 1
| #define HAVE_INET_NET_PTON 1
| #define HAVE_NET_PFVAR_H 1
| /* end confdefs.h.  */
|  #include <sys/socket.h>
| 	  #include <netinet/in.h>
| 	  #include <netinet/tcp.h>
| 
| 
| int
| main (void)
| {
| static struct tcp_md5sig ac_aggr;
| if (ac_aggr.tcpm_key)
| return 0;
|   ;
|   return 0;
| }
configure:15946: cc -c -g -O2 -I/usr/local/include conftest.c >&5
conftest.c:40:26: error: variable has incomplete type 'struct tcp_md5sig'
   40 | static struct tcp_md5sig ac_aggr;
      |                          ^
conftest.c:40:15: note: forward declaration of 'struct tcp_md5sig'
   40 | static struct tcp_md5sig ac_aggr;
      |               ^
1 error generated.
configure:15946: $? = 1
configure: failed program was:
| /* confdefs.h */
| #define PACKAGE_NAME "OpenBGPD"
| #define PACKAGE_TARNAME "openbgpd"
| #define PACKAGE_VERSION "8.8"
| #define PACKAGE_STRING "OpenBGPD 8.8"
| #define PACKAGE_BUGREPORT ""
| #define PACKAGE_URL ""
| #define PACKAGE "openbgpd"
| #define VERSION "8.8"
| #define HAVE_DLFCN_H 1
| #define LT_OBJDIR ".libs/"
| #define HAVE_ENDIAN_H 1
| #define HAVE_ASPRINTF 1
| #define HAVE_EXPLICIT_BZERO 1
| #define HAVE_REALLOCARRAY 1
| #define HAVE_SETPROCTITLE 1
| #define HAVE_SETGROUPS 1
| #define HAVE_SETREGID 1
| #define HAVE_SETRESGID 1
| #define HAVE_SETREUID 1
| #define HAVE_SETRESUID 1
| #define HAVE_STRLCAT 1
| #define HAVE_STRLCPY 1
| #define HAVE_STRTONUM 1
| #define HAVE_SYSCONF 1
| #define HAVE_STRNVIS 1
| #define HAVE_ARC4RANDOM 1
| #define HAVE_CLOCK_GETTIME 1
| #define HAVE_INET_NET_PTON 1
| #define HAVE_NET_PFVAR_H 1
| /* end confdefs.h.  */
|  #include <sys/socket.h>
| 	  #include <netinet/in.h>
| 	  #include <netinet/tcp.h>
| 
| 
| int
| main (void)
| {
| static struct tcp_md5sig ac_aggr;
| if (sizeof ac_aggr.tcpm_key)
| return 0;
|   ;
|   return 0;
| }
configure:15946: result: no
configure:15968: checking for setfib
configure:15968: cc -o conftest -g -O2 -I/usr/local/include -L/usr/local/lib conftest.c  >&5
configure:15968: $? = 0
configure:15968: result: yes
configure:16027: checking for event.h
configure:16027: cc -c  -Wall -Wstrict-prototypes -Wmissing-prototypes -Wmissing-declarations -Wshadow -Wpointer-arith -Wcast-qual -Wsign-compare -Wno-pointer-sign -Qunused-arguments  -g -O2 -I/usr/local/include conftest.c >&5
configure:16027: $? = 0
configure:16027: result: yes
configure:16038: checking for event_init in -levent
configure:16067: cc -o conftest  -Wall -Wstrict-prototypes -Wmissing-prototypes -Wmissing-declarations -Wshadow -Wpointer-arith -Wcast-qual -Wsign-compare -Wno-pointer-sign -Qunused-arguments  -g -O2 -I/usr/local/include  -Qunused-arguments  -L/usr/local/lib conftest.c -levent   >&5
configure:16067: $? = 0
configure:16079: result: yes
configure:16096: checking for event_init
configure:16096: cc -o conftest  -Wall -Wstrict-prototypes -Wmissing-prototypes -Wmissing-declarations -Wshadow -Wpointer-arith -Wcast-qual -Wsign-compare -Wno-pointer-sign -Qunused-arguments  -g -O2 -I/usr/local/include  -Qunused-arguments  -L/usr/local/lib conftest.c -levent  >&5
configure:16096: $? = 0
configure:16096: result: yes
configure:16096: checking for event_dispatch
configure:16096: cc -o conftest  -Wall -Wstrict-prototypes -Wmissing-prototypes -Wmissing-declarations -Wshadow -Wpointer-arith -Wcast-qual -Wsign-compare -Wno-pointer-sign -Qunused-arguments  -g -O2 -I/usr/local/include  -Qunused-arguments  -L/usr/local/lib conftest.c -levent  >&5
configure:16096: $? = 0
configure:16096: result: yes
configure:16360: checking that generated files are newer than configure
configure:16366: result: done
configure:16573: creating ./config.status

## ---------------------- ##
## Running config.status. ##
## ---------------------- ##

This file was extended by OpenBGPD config.status 8.8, which was
generated by GNU Autoconf 2.72.  Invocation command line was

  CONFIG_FILES    = 
  CONFIG_HEADERS  = 
  CONFIG_LINKS    = 
  CONFIG_COMMANDS = 
  $ ./config.status 

on freebsd

config.status:1107: creating Makefile
config.status:1107: creating include/Makefile
config.status:1107: creating compat/Makefile
config.status:1107: creating src/bgpctl/Makefile
config.status:1107: creating src/bgpd/Makefile
config.status:1107: creating src/bgplgd/Makefile
config.status:1279: executing depfiles commands
config.status:1354: cd compat       && sed -e '/# am--include-marker/d' Makefile         | make -f - am--depfiles
config.status:1361: $? = 0
config.status:1354: cd src/bgpctl       && sed -e '/# am--include-marker/d' Makefile         | make -f - am--depfiles
config.status:1361: $? = 0
config.status:1354: cd src/bgpd       && sed -e '/# am--include-marker/d' Makefile         | make -f - am--depfiles
config.status:1361: $? = 0
config.status:1354: cd src/bgplgd       && sed -e '/# am--include-marker/d' Makefile         | make -f - am--depfiles
config.status:1361: $? = 0
config.status:1279: executing libtool commands

## ---------------- ##
## Cache variables. ##
## ---------------- ##

ac_cv_broken_strnvis=yes
ac_cv_build=x86_64-unknown-freebsd14.3
ac_cv_c_compiler_gnu=yes
ac_cv_env_CC_set=''
ac_cv_env_CC_value=''
ac_cv_env_CFLAGS_set=''
ac_cv_env_CFLAGS_value=''
ac_cv_env_CPPFLAGS_set=set
ac_cv_env_CPPFLAGS_value=-I/usr/local/include
ac_cv_env_LDFLAGS_set=set
ac_cv_env_LDFLAGS_value=-L/usr/local/lib
ac_cv_env_LIBS_set=''
ac_cv_env_LIBS_value=''
ac_cv_env_LT_SYS_LIBRARY_PATH_set=''
ac_cv_env_LT_SYS_LIBRARY_PATH_value=''
ac_cv_env_YACC_set=''
ac_cv_env_YACC_value=''
ac_cv_env_YFLAGS_set=''
ac_cv_env_YFLAGS_value=''
ac_cv_env_build_alias_set=''
ac_cv_env_build_alias_value=''
ac_cv_env_host_alias_set=''
ac_cv_env_host_alias_value=''
ac_cv_env_target_alias_set=''
ac_cv_env_target_alias_value=''
ac_cv_func_arc4random=yes
ac_cv_func_asprintf=yes
ac_cv_func_clock_gettime=yes
ac_cv_func_event_dispatch=yes
ac_cv_func_event_init=yes
ac_cv_func_explicit_bzero=yes
ac_cv_func_fmt_scaled=no
ac_cv_func_freezero=no
ac_cv_func_getdtablecount=no
ac_cv_func_getentropy=yes
ac_cv_func_getrtable=no
ac_cv_func_ibuf_open=no
ac_cv_func_imsgbuf_init=no
ac_cv_func_inet_net_pton=yes
ac_cv_func_pledge=no
ac_cv_func_reallocarray=yes
ac_cv_func_recallocarray=no
ac_cv_func_setfib=yes
ac_cv_func_setgroups=yes
ac_cv_func_setproctitle=yes
ac_cv_func_setregid=yes
ac_cv_func_setresgid=yes
ac_cv_func_setresuid=yes
ac_cv_func_setreuid=yes
ac_cv_func_strlcat=yes
ac_cv_func_strlcpy=yes
ac_cv_func_strnvis=yes
ac_cv_func_strtonum=yes
ac_cv_func_sysconf=yes
ac_cv_func_unveil=no
ac_cv_have_pftable=yes
ac_cv_header_dlfcn_h=yes
ac_cv_header_endian_h=yes
ac_cv_header_event_h=yes
ac_cv_header_linux_if_h=no
ac_cv_header_linux_in6_h=no
ac_cv_header_net_pfvar_h=yes
ac_cv_header_netinet_ip_ipsp_h=no
ac_cv_host=x86_64-unknown-freebsd14.3
ac_cv_lib_event_event_init=yes
ac_cv_lib_mnl_mnl_socket_recvfrom=no
ac_cv_member_struct_tcp_md5sig_tcpm_key=no
ac_cv_objext=o
ac_cv_path_EGREP='/usr/bin/grep -E'
ac_cv_path_EGREP_TRADITIONAL='/usr/bin/grep -E'
ac_cv_path_FGREP='/usr/bin/grep -F'
ac_cv_path_GREP=/usr/bin/grep
ac_cv_path_SED=/usr/bin/sed
ac_cv_path_install='/usr/bin/install -c'
ac_cv_path_lt_DD=/bin/dd
ac_cv_prog_AWK=nawk
ac_cv_prog_FILECMD=file
ac_cv_prog_YACC=byacc
ac_cv_prog_ac_ct_AR=ar
ac_cv_prog_ac_ct_CC=cc
ac_cv_prog_ac_ct_MANIFEST_TOOL=mt
ac_cv_prog_ac_ct_OBJDUMP=objdump
ac_cv_prog_ac_ct_RANLIB=ranlib
ac_cv_prog_ac_ct_STRIP=strip
ac_cv_prog_cc_c11=''
ac_cv_prog_cc_g=yes
ac_cv_prog_cc_stdc=''
ac_cv_prog_make_make_set=yes
ac_cv_search_clock_gettime='none required'
ac_cv_search_fmt_scaled=no
ac_cv_search_ibuf_open=no
ac_cv_search_inet_net_pton='none required'
am_cv_CC_dependencies_compiler_type=gcc3
am_cv_filesystem_timestamp_resolution=2
am_cv_make_support_nested_variables=yes
am_cv_prog_cc_c_o=yes
am_cv_sleep_fractional_seconds=yes
am_cv_xargs_n_works=yes
lt_cv_ar_at_file=no
lt_cv_archive_cmds_need_lc=no
lt_cv_deplibs_check_method=pass_all
lt_cv_file_magic_cmd='$MAGIC_CMD'
lt_cv_file_magic_test_file=''
lt_cv_ld_reload_flag=-r
lt_cv_nm_interface='BSD nm'
lt_cv_objdir=.libs
lt_cv_path_LD=/usr/bin/ld
lt_cv_path_NM=/usr/bin/nm
lt_cv_path_manifest_tool=no
lt_cv_prog_compiler_c_o=yes
lt_cv_prog_compiler_pic='-fPIC -DPIC'
lt_cv_prog_compiler_pic_works=yes
lt_cv_prog_compiler_rtti_exceptions=yes
lt_cv_prog_compiler_static_works=yes
lt_cv_prog_gnu_ld=yes
lt_cv_sharedlib_from_linklib_cmd='printf %s\n'
lt_cv_sys_global_symbol_pipe=$'/usr/bin/sed -n -e \'s/^.*[\t ]\\([BCDEGRST][BCDEGRST]*\\)[\t ][\t ]*\\([_A-Za-z][_A-Za-z0-9]*\\)$/\\1 \\2 \\2/p\' | /usr/bin/sed \'/ __gnu_lto/d\''
lt_cv_sys_global_symbol_to_c_name_address=$'/usr/bin/sed -n -e \'s/^: \\(.*\\) .*$/  {"\\1", (void *) 0},/p\' -e \'s/^[BCDEGRST][BCDEGRST]* .* \\(.*\\)$/  {"\\1", (void *) \\&\\1},/p\''
lt_cv_sys_global_symbol_to_c_name_address_lib_prefix=$'/usr/bin/sed -n -e \'s/^: \\(.*\\) .*$/  {"\\1", (void *) 0},/p\' -e \'s/^[BCDEGRST][BCDEGRST]* .* \\(lib.*\\)$/  {"\\1", (void *) \\&\\1},/p\' -e \'s/^[BCDEGRST][BCDEGRST]* .* \\(.*\\)$/  {"lib\\1", (void *) \\&\\1},/p\''
lt_cv_sys_global_symbol_to_cdecl=$'/usr/bin/sed -n -e \'s/^T .* \\(.*\\)$/extern int \\1();/p\' -e \'s/^[BCDEGRST][BCDEGRST]* .* \\(.*\\)$/extern char \\1;/p\''
lt_cv_sys_global_symbol_to_import=''
lt_cv_sys_max_cmd_len=393216
lt_cv_to_host_file_cmd=func_convert_file_noop
lt_cv_to_tool_file_cmd=func_convert_file_noop
lt_cv_truncate_bin='/bin/dd bs=4096 count=1'

## ----------------- ##
## Output variables. ##
## ----------------- ##

ACLOCAL='${SHELL} '\''/home/share/openbgpd-portable/missing'\'' aclocal-1.17'
AMDEPBACKSLASH='\'
AMDEP_FALSE='#'
AMDEP_TRUE=''
AMTAR='$${TAR-tar}'
AM_BACKSLASH='\'
AM_CFLAGS=' -Wall -Wstrict-prototypes -Wmissing-prototypes -Wmissing-declarations -Wshadow -Wpointer-arith -Wcast-qual -Wsign-compare -Wno-pointer-sign -Qunused-arguments '
AM_DEFAULT_V='$(AM_DEFAULT_VERBOSITY)'
AM_DEFAULT_VERBOSITY='0'
AM_LDFLAGS=' -Qunused-arguments '
AM_V='$(V)'
AR='ar'
AUTOCONF='${SHELL} '\''/home/share/openbgpd-portable/missing'\'' autoconf'
AUTOHEADER='${SHELL} '\''/home/share/openbgpd-portable/missing'\'' autoheader'
AUTOMAKE='${SHELL} '\''/home/share/openbgpd-portable/missing'\'' automake-1.17'
AWK='nawk'
BGPD_USER='_bgpd'
BGPLGD_USER='_bgplgd'
BROKEN_STRNVIS_FALSE='#'
BROKEN_STRNVIS_TRUE=''
BUILD_BGPLGD_FALSE='#'
BUILD_BGPLGD_TRUE=''
CC='cc'
CCDEPMODE='depmode=gcc3'
CFLAGS='-g -O2'
CPPFLAGS='-I/usr/local/include'
CSCOPE='cscope'
CTAGS='ctags'
CYGPATH_W='echo'
DEFS='-DPACKAGE_NAME=\"OpenBGPD\" -DPACKAGE_TARNAME=\"openbgpd\" -DPACKAGE_VERSION=\"8.8\" -DPACKAGE_STRING=\"OpenBGPD\ 8.8\" -DPACKAGE_BUGREPORT=\"\" -DPACKAGE_URL=\"\" -DPACKAGE=\"openbgpd\" -DVERSION=\"8.8\" -DHAVE_DLFCN_H=1 -DLT_OBJDIR=\".libs/\" -DHAVE_ENDIAN_H=1 -DHAVE_ASPRINTF=1 -DHAVE_EXPLICIT_BZERO=1 -DHAVE_REALLOCARRAY=1 -DHAVE_SETPROCTITLE=1 -DHAVE_SETGROUPS=1 -DHAVE_SETREGID=1 -DHAVE_SETRESGID=1 -DHAVE_SETREUID=1 -DHAVE_SETRESUID=1 -DHAVE_STRLCAT=1 -DHAVE_STRLCPY=1 -DHAVE_STRTONUM=1 -DHAVE_SYSCONF=1 -DHAVE_STRNVIS=1 -DHAVE_ARC4RANDOM=1 -DHAVE_CLOCK_GETTIME=1 -DHAVE_INET_NET_PTON=1 -DHAVE_NET_PFVAR_H=1 -DHAVE_SETFIB=1 -DHAVE_EVENT_H=1 -DHAVE_LIBEVENT=1 -DHAVE_EVENT_INIT=1 -DHAVE_EVENT_DISPATCH=1 -DBGPD_USER=\"_bgpd\" -DBGPLGD_USER=\"_bgplgd\" -DWWW_USER=\"www\"'
DEPDIR='.deps'
DISABLE_FIB_FALSE=''
DISABLE_FIB_TRUE='#'
DLLTOOL='false'
DSYMUTIL=''
DUMPBIN=''
ECHO_C=''
ECHO_N='-n'
ECHO_T=''
EGREP='/usr/bin/grep -E'
ETAGS='etags'
EXEEXT=''
FGREP='/usr/bin/grep -F'
FILECMD='file'
GREP='/usr/bin/grep'
HAVE_ARC4RANDOM_FALSE='#'
HAVE_ARC4RANDOM_TRUE=''
HAVE_ASPRINTF_FALSE='#'
HAVE_ASPRINTF_TRUE=''
HAVE_CLOCK_GETRES_FALSE=''
HAVE_CLOCK_GETRES_TRUE='#'
HAVE_CLOCK_GETTIME_FALSE='#'
HAVE_CLOCK_GETTIME_TRUE=''
HAVE_CLOSEFROM_FALSE=''
HAVE_CLOSEFROM_TRUE='#'
HAVE_EXPLICIT_BZERO_FALSE='#'
HAVE_EXPLICIT_BZERO_TRUE=''
HAVE_FMT_SCALED_FALSE=''
HAVE_FMT_SCALED_TRUE='#'
HAVE_FREEZERO_FALSE=''
HAVE_FREEZERO_TRUE='#'
HAVE_GETDTABLECOUNT_FALSE=''
HAVE_GETDTABLECOUNT_TRUE='#'
HAVE_GETENTROPY_FALSE='#'
HAVE_GETENTROPY_TRUE=''
HAVE_GETRTABLE_FALSE=''
HAVE_GETRTABLE_TRUE='#'
HAVE_IMSG_FALSE=''
HAVE_IMSG_TRUE='#'
HAVE_INET_NET_PTON_FALSE='#'
HAVE_INET_NET_PTON_TRUE=''
HAVE_LINUX_TCPMD5_FALSE=''
HAVE_LINUX_TCPMD5_TRUE='#'
HAVE_MD5_FALSE=''
HAVE_MD5_TRUE='#'
HAVE_MEMMEM_FALSE=''
HAVE_MEMMEM_TRUE='#'
HAVE_MNL_FALSE=''
HAVE_MNL_TRUE='#'
HAVE_PFTABLE_FALSE='#'
HAVE_PFTABLE_TRUE=''
HAVE_PLEDGE_FALSE=''
HAVE_PLEDGE_TRUE='#'
HAVE_POLL_FALSE=''
HAVE_POLL_TRUE='#'
HAVE_REALLOCARRAY_FALSE='#'
HAVE_REALLOCARRAY_TRUE=''
HAVE_RECALLOCARRAY_FALSE=''
HAVE_RECALLOCARRAY_TRUE='#'
HAVE_SETFIB_FALSE='#'
HAVE_SETFIB_TRUE=''
HAVE_SETGROUPS_FALSE='#'
HAVE_SETGROUPS_TRUE=''
HAVE_SETPROCTITLE_FALSE='#'
HAVE_SETPROCTITLE_TRUE=''
HAVE_SETRESGID_FALSE='#'
HAVE_SETRESGID_TRUE=''
HAVE_SETRESUID_FALSE='#'
HAVE_SETRESUID_TRUE=''
HAVE_STRLCAT_FALSE='#'
HAVE_STRLCAT_TRUE=''
HAVE_STRLCPY_FALSE='#'
HAVE_STRLCPY_TRUE=''
HAVE_STRNVIS_FALSE='#'
HAVE_STRNVIS_TRUE=''
HAVE_STRTONUM_FALSE='#'
HAVE_STRTONUM_TRUE=''
HAVE_SYSCONF_FALSE='#'
HAVE_SYSCONF_TRUE=''
HAVE_UNVEIL_FALSE=''
HAVE_UNVEIL_TRUE='#'
HOST_DARWIN_FALSE=''
HOST_DARWIN_TRUE='#'
HOST_FREEBSD_FALSE='#'
HOST_FREEBSD_TRUE=''
HOST_LINUX_FALSE=''
HOST_LINUX_TRUE='#'
HOST_NETBSD_FALSE=''
HOST_NETBSD_TRUE='#'
HOST_OPENBSD_FALSE=''
HOST_OPENBSD_TRUE='#'
HOST_SOLARIS_FALSE=''
HOST_SOLARIS_TRUE='#'
INSTALL_DATA='${INSTALL} -m 644'
INSTALL_PROGRAM='${INSTALL}'
INSTALL_SCRIPT='${INSTALL}'
INSTALL_STRIP_PROGRAM='$(install_sh) -c -s'
LD='/usr/bin/ld'
LDFLAGS='-L/usr/local/lib'
LIBOBJS=''
LIBS='-levent '
LIBTOOL='$(SHELL) $(top_builddir)/libtool'
LIPO=''
LN_S='ln -s'
LTLIBOBJS=''
LT_SYS_LIBRARY_PATH=''
MAKEINFO='${SHELL} '\''/home/share/openbgpd-portable/missing'\'' makeinfo'
MANIFEST_TOOL=':'
MKDIR_P='mkdir -p'
NM='/usr/bin/nm'
NMEDIT=''
OBJDUMP='objdump'
OBJEXT='o'
OTOOL64=''
OTOOL=''
PACKAGE='openbgpd'
PACKAGE_BUGREPORT=''
PACKAGE_NAME='OpenBGPD'
PACKAGE_STRING='OpenBGPD 8.8'
PACKAGE_TARNAME='openbgpd'
PACKAGE_URL=''
PACKAGE_VERSION='8.8'
PATH_SEPARATOR=':'
RANLIB='ranlib'
SED='/usr/bin/sed'
SET_MAKE=''
SHELL='/bin/sh'
STRIP='strip'
VERSION='8.8'
WWW_USER='www'
YACC='byacc'
YFLAGS=''
ac_ct_AR='ar'
ac_ct_CC='cc'
ac_ct_DUMPBIN=''
am__EXEEXT_FALSE=''
am__EXEEXT_TRUE='#'
am__fastdepCC_FALSE='#'
am__fastdepCC_TRUE=''
am__include='include'
am__isrc=''
am__leading_dot='.'
am__nodep='_no'
am__quote=''
am__rm_f_notfound=''
am__tar='$${TAR-tar} chof - "$$tardir"'
am__untar='$${TAR-tar} xf -'
am__xargs_n='xargs -n'
bindir='${exec_prefix}/bin'
build='x86_64-unknown-freebsd14.3'
build_alias=''
build_cpu='x86_64'
build_os='freebsd14.3'
build_vendor='unknown'
datadir='${datarootdir}'
datarootdir='${prefix}/share'
docdir='${datarootdir}/doc/${PACKAGE_TARNAME}'
dvidir='${docdir}'
exec_prefix='${prefix}'
host='x86_64-unknown-freebsd14.3'
host_alias=''
host_cpu='x86_64'
host_os='freebsd14.3'
host_vendor='unknown'
htmldir='${docdir}'
includedir='${prefix}/include'
infodir='${datarootdir}/info'
install_sh='${SHELL} /home/share/openbgpd-portable/install-sh'
libdir='${exec_prefix}/lib'
libexecdir='${exec_prefix}/libexec'
localedir='${datarootdir}/locale'
localstatedir='${prefix}/var'
mandir='${datarootdir}/man'
mkdir_p='$(MKDIR_P)'
oldincludedir='/usr/include'
pdfdir='${docdir}'
prefix='/usr/local'
program_transform_name='s,x,x,'
psdir='${docdir}'
runstatedir='${localstatedir}/run'
sbindir='${exec_prefix}/sbin'
sharedstatedir='${prefix}/com'
sysconfdir='${prefix}/etc'
target_alias=''
wwwrunstatedir=''

## ----------- ##
## confdefs.h. ##
## ----------- ##

/* confdefs.h */
#define PACKAGE_NAME "OpenBGPD"
#define PACKAGE_TARNAME "openbgpd"
#define PACKAGE_VERSION "8.8"
#define PACKAGE_STRING "OpenBGPD 8.8"
#define PACKAGE_BUGREPORT ""
#define PACKAGE_URL ""
#define PACKAGE "openbgpd"
#define VERSION "8.8"
#define HAVE_DLFCN_H 1
#define LT_OBJDIR ".libs/"
#define HAVE_ENDIAN_H 1
#define HAVE_ASPRINTF 1
#define HAVE_EXPLICIT_BZERO 1
#define HAVE_REALLOCARRAY 1
#define HAVE_SETPROCTITLE 1
#define HAVE_SETGROUPS 1
#define HAVE_SETREGID 1
#define HAVE_SETRESGID 1
#define HAVE_SETREUID 1
#define HAVE_SETRESUID 1
#define HAVE_STRLCAT 1
#define HAVE_STRLCPY 1
#define HAVE_STRTONUM 1
#define HAVE_SYSCONF 1
#define HAVE_STRNVIS 1
#define HAVE_ARC4RANDOM 1
#define HAVE_CLOCK_GETTIME 1
#define HAVE_INET_NET_PTON 1
#define HAVE_NET_PFVAR_H 1
#define HAVE_SETFIB 1
#define HAVE_EVENT_H 1
#define HAVE_LIBEVENT 1
#define HAVE_EVENT_INIT 1
#define HAVE_EVENT_DISPATCH 1
#define BGPD_USER "_bgpd"
#define BGPLGD_USER "_bgplgd"
#define WWW_USER "www"

configure: exit 0

## ---------------------- ##
## Running config.status. ##
## ---------------------- ##

This file was extended by OpenBGPD config.status 8.8, which was
generated by GNU Autoconf 2.72.  Invocation command line was

  CONFIG_FILES    = 
  CONFIG_HEADERS  = 
  CONFIG_LINKS    = 
  CONFIG_COMMANDS = 
  $ ./config.status src/bgpd/Makefile depfiles

on freebsd

config.status:1093: error: cannot find input file: 'src/bgpd/Makefile.in'

## ---------------------- ##
## Running config.status. ##
## ---------------------- ##

This file was extended by OpenBGPD config.status 8.8, which was
generated by GNU Autoconf 2.72.  Invocation command line was

  CONFIG_FILES    = 
  CONFIG_HEADERS  = 
  CONFIG_LINKS    = 
  CONFIG_COMMANDS = 
  $ ./config.status src/bgpd/Makefile depfiles

on freebsd

config.status:1107: creating src/bgpd/Makefile
config.status:1279: executing depfiles commands
config.status:1354: cd src/bgpd       && sed -e '/# am--include-marker/d' Makefile         | make -f - am--depfiles
config.status:1361: $? = 0
